<?xml version="1.0" encoding="UTF-8"?>
<testsuite name="com.pinet.app.PokharaInternetApplicationTests" tests="1" skipped="0" failures="0" errors="0" timestamp="2017-12-31T04:40:37" hostname="ashmeet-HP-Notebook" time="0.207">
  <properties/>
  <testcase name="contextLoads" classname="com.pinet.app.PokharaInternetApplicationTests" time="0.207"/>
  <system-out><![CDATA[10:25:27.599 [Test worker] DEBUG org.springframework.test.context.junit4.SpringJUnit4ClassRunner - SpringJUnit4ClassRunner constructor called with [class com.pinet.app.PokharaInternetApplicationTests]
10:25:27.615 [Test worker] DEBUG org.springframework.test.context.BootstrapUtils - Instantiating CacheAwareContextLoaderDelegate from class [org.springframework.test.context.cache.DefaultCacheAwareContextLoaderDelegate]
10:25:27.631 [Test worker] DEBUG org.springframework.test.context.BootstrapUtils - Instantiating BootstrapContext using constructor [public org.springframework.test.context.support.DefaultBootstrapContext(java.lang.Class,org.springframework.test.context.CacheAwareContextLoaderDelegate)]
10:25:27.641 [Test worker] DEBUG org.springframework.test.context.BootstrapUtils - Instantiating TestContextBootstrapper for test class [com.pinet.app.PokharaInternetApplicationTests] from class [org.springframework.boot.test.context.SpringBootTestContextBootstrapper]
10:25:27.666 [Test worker] DEBUG org.springframework.test.context.support.AbstractContextLoader - Did not detect default resource location for test class [com.pinet.app.PokharaInternetApplicationTests]: class path resource [com/pinet/app/PokharaInternetApplicationTests-context.xml] does not exist
10:25:27.666 [Test worker] DEBUG org.springframework.test.context.support.AbstractContextLoader - Did not detect default resource location for test class [com.pinet.app.PokharaInternetApplicationTests]: class path resource [com/pinet/app/PokharaInternetApplicationTestsContext.groovy] does not exist
10:25:27.666 [Test worker] INFO org.springframework.test.context.support.AbstractContextLoader - Could not detect default resource locations for test class [com.pinet.app.PokharaInternetApplicationTests]: no resource found for suffixes {-context.xml, Context.groovy}.
10:25:27.667 [Test worker] INFO org.springframework.test.context.support.AnnotationConfigContextLoaderUtils - Could not detect default configuration classes for test class [com.pinet.app.PokharaInternetApplicationTests]: PokharaInternetApplicationTests does not declare any static, non-private, non-final, nested classes annotated with @Configuration.
10:25:27.700 [Test worker] DEBUG org.springframework.test.context.support.ActiveProfilesUtils - Could not find an 'annotation declaring class' for annotation type [org.springframework.test.context.ActiveProfiles] and class [com.pinet.app.PokharaInternetApplicationTests]
10:25:27.707 [Test worker] DEBUG org.springframework.core.env.StandardEnvironment - Adding [systemProperties] PropertySource with lowest search precedence
10:25:27.707 [Test worker] DEBUG org.springframework.core.env.StandardEnvironment - Adding [systemEnvironment] PropertySource with lowest search precedence
10:25:27.707 [Test worker] DEBUG org.springframework.core.env.StandardEnvironment - Initialized StandardEnvironment with PropertySources [systemProperties,systemEnvironment]
10:25:27.713 [Test worker] DEBUG org.springframework.core.io.support.PathMatchingResourcePatternResolver - Resolved classpath location [com/pinet/app/] to resources [URL [file:/home/ashmeet/Intern%20Folder/PokharaInternet/build/classes/test/com/pinet/app/], URL [file:/home/ashmeet/Intern%20Folder/PokharaInternet/build/classes/main/com/pinet/app/]]
10:25:27.713 [Test worker] DEBUG org.springframework.core.io.support.PathMatchingResourcePatternResolver - Looking for matching resources in directory tree [/home/ashmeet/Intern Folder/PokharaInternet/build/classes/test/com/pinet/app]
10:25:27.713 [Test worker] DEBUG org.springframework.core.io.support.PathMatchingResourcePatternResolver - Searching directory [/home/ashmeet/Intern Folder/PokharaInternet/build/classes/test/com/pinet/app] for files matching pattern [/home/ashmeet/Intern Folder/PokharaInternet/build/classes/test/com/pinet/app/*.class]
10:25:27.715 [Test worker] DEBUG org.springframework.core.io.support.PathMatchingResourcePatternResolver - Looking for matching resources in directory tree [/home/ashmeet/Intern Folder/PokharaInternet/build/classes/main/com/pinet/app]
10:25:27.716 [Test worker] DEBUG org.springframework.core.io.support.PathMatchingResourcePatternResolver - Searching directory [/home/ashmeet/Intern Folder/PokharaInternet/build/classes/main/com/pinet/app] for files matching pattern [/home/ashmeet/Intern Folder/PokharaInternet/build/classes/main/com/pinet/app/*.class]
10:25:27.717 [Test worker] DEBUG org.springframework.core.io.support.PathMatchingResourcePatternResolver - Resolved location pattern [classpath*:com/pinet/app/*.class] to resources [file [/home/ashmeet/Intern Folder/PokharaInternet/build/classes/test/com/pinet/app/PokharaInternetApplicationTests.class], file [/home/ashmeet/Intern Folder/PokharaInternet/build/classes/main/com/pinet/app/PokharaInternetApplication.class]]
10:25:27.752 [Test worker] DEBUG org.springframework.context.annotation.ClassPathScanningCandidateComponentProvider - Identified candidate component class: file [/home/ashmeet/Intern Folder/PokharaInternet/build/classes/main/com/pinet/app/PokharaInternetApplication.class]
10:25:27.752 [Test worker] INFO org.springframework.boot.test.context.SpringBootTestContextBootstrapper - Found @SpringBootConfiguration com.pinet.app.PokharaInternetApplication for test class com.pinet.app.PokharaInternetApplicationTests
10:25:27.755 [Test worker] DEBUG org.springframework.boot.test.context.SpringBootTestContextBootstrapper - @TestExecutionListeners is not present for class [com.pinet.app.PokharaInternetApplicationTests]: using defaults.
10:25:27.759 [Test worker] INFO org.springframework.boot.test.context.SpringBootTestContextBootstrapper - Loaded default TestExecutionListener class names from location [META-INF/spring.factories]: [org.springframework.security.test.context.support.WithSecurityContextTestExecutionListener, org.springframework.boot.test.mock.mockito.MockitoTestExecutionListener, org.springframework.boot.test.mock.mockito.ResetMocksTestExecutionListener, org.springframework.boot.test.autoconfigure.restdocs.RestDocsTestExecutionListener, org.springframework.boot.test.autoconfigure.web.client.MockRestServiceServerResetTestExecutionListener, org.springframework.boot.test.autoconfigure.web.servlet.MockMvcPrintOnlyOnFailureTestExecutionListener, org.springframework.boot.test.autoconfigure.web.servlet.WebDriverTestExecutionListener, org.springframework.test.context.web.ServletTestExecutionListener, org.springframework.test.context.support.DirtiesContextBeforeModesTestExecutionListener, org.springframework.test.context.support.DependencyInjectionTestExecutionListener, org.springframework.test.context.support.DirtiesContextTestExecutionListener, org.springframework.test.context.transaction.TransactionalTestExecutionListener, org.springframework.test.context.jdbc.SqlScriptsTestExecutionListener]
10:25:27.778 [Test worker] INFO org.springframework.boot.test.context.SpringBootTestContextBootstrapper - Using TestExecutionListeners: [org.springframework.test.context.web.ServletTestExecutionListener@28cd46c6, org.springframework.test.context.support.DirtiesContextBeforeModesTestExecutionListener@27d5a85d, org.springframework.boot.test.autoconfigure.SpringBootDependencyInjectionTestExecutionListener@3a52c55a, org.springframework.test.context.support.DirtiesContextTestExecutionListener@64de720c, org.springframework.test.context.transaction.TransactionalTestExecutionListener@2667e327, org.springframework.test.context.jdbc.SqlScriptsTestExecutionListener@2c7a20f6, org.springframework.security.test.context.support.WithSecurityContextTestExecutionListener@ae4836, org.springframework.boot.test.autoconfigure.web.client.MockRestServiceServerResetTestExecutionListener@17f7043d, org.springframework.boot.test.autoconfigure.restdocs.RestDocsTestExecutionListener@e10b33f, org.springframework.boot.test.mock.mockito.ResetMocksTestExecutionListener@73905f9b, org.springframework.boot.test.autoconfigure.web.servlet.MockMvcPrintOnlyOnFailureTestExecutionListener@18d5627, org.springframework.boot.test.mock.mockito.MockitoTestExecutionListener@2e746cc7, org.springframework.boot.test.autoconfigure.web.servlet.WebDriverTestExecutionListener@2576ab7d]
10:25:27.792 [Test worker] DEBUG org.springframework.test.annotation.ProfileValueUtils - Retrieved @ProfileValueSourceConfiguration [null] for test class [com.pinet.app.PokharaInternetApplicationTests]
10:25:27.793 [Test worker] DEBUG org.springframework.test.annotation.ProfileValueUtils - Retrieved ProfileValueSource type [class org.springframework.test.annotation.SystemProfileValueSource] for class [com.pinet.app.PokharaInternetApplicationTests]
10:25:27.794 [Test worker] DEBUG org.springframework.test.annotation.ProfileValueUtils - Retrieved @ProfileValueSourceConfiguration [null] for test class [com.pinet.app.PokharaInternetApplicationTests]
10:25:27.794 [Test worker] DEBUG org.springframework.test.annotation.ProfileValueUtils - Retrieved ProfileValueSource type [class org.springframework.test.annotation.SystemProfileValueSource] for class [com.pinet.app.PokharaInternetApplicationTests]
10:25:27.796 [Test worker] DEBUG org.springframework.test.context.support.AbstractDirtiesContextTestExecutionListener - Before test class: context [DefaultTestContext@34f1873d testClass = PokharaInternetApplicationTests, testInstance = [null], testMethod = [null], testException = [null], mergedContextConfiguration = [WebMergedContextConfiguration@5c1f7e4f testClass = PokharaInternetApplicationTests, locations = '{}', classes = '{class com.pinet.app.PokharaInternetApplication}', contextInitializerClasses = '[]', activeProfiles = '{}', propertySourceLocations = '{}', propertySourceProperties = '{org.springframework.boot.test.context.SpringBootTestContextBootstrapper=true}', contextCustomizers = set[org.springframework.boot.test.context.SpringBootTestContextCustomizer@3f246755, org.springframework.boot.test.context.filter.ExcludeFilterContextCustomizer@7a2b404e, org.springframework.boot.test.mock.mockito.MockitoContextCustomizer@0, org.springframework.boot.test.autoconfigure.properties.PropertyMappingContextCustomizer@0, org.springframework.boot.test.autoconfigure.web.servlet.WebDriverContextCustomizerFactory$Customizer@2ab67754], resourceBasePath = 'src/main/webapp', contextLoader = 'org.springframework.boot.test.context.SpringBootContextLoader', parent = [null]]], class annotated with @DirtiesContext [false] with mode [null].
10:25:27.796 [Test worker] DEBUG org.springframework.test.annotation.ProfileValueUtils - Retrieved @ProfileValueSourceConfiguration [null] for test class [com.pinet.app.PokharaInternetApplicationTests]
10:25:27.796 [Test worker] DEBUG org.springframework.test.annotation.ProfileValueUtils - Retrieved ProfileValueSource type [class org.springframework.test.annotation.SystemProfileValueSource] for class [com.pinet.app.PokharaInternetApplicationTests]
10:25:27.883 [Test worker] DEBUG org.springframework.core.env.StandardEnvironment - Adding [systemProperties] PropertySource with lowest search precedence
10:25:27.884 [Test worker] DEBUG org.springframework.core.env.StandardEnvironment - Adding [systemEnvironment] PropertySource with lowest search precedence
10:25:27.884 [Test worker] DEBUG org.springframework.core.env.StandardEnvironment - Initialized StandardEnvironment with PropertySources [systemProperties,systemEnvironment]
10:25:27.885 [Test worker] DEBUG org.springframework.core.env.MutablePropertySources - Adding [inline] PropertySource with highest search precedence
10:25:27.888 [Test worker] DEBUG org.springframework.test.context.support.TestPropertySourceUtils - Adding inlined properties to environment: {spring.jmx.enabled=false, org.springframework.boot.test.context.SpringBootTestContextBootstrapper=true, server.port=-1}
10:25:27.888 [Test worker] DEBUG org.springframework.core.env.StandardEnvironment - Adding [Inlined Test Properties] PropertySource with highest search precedence

  .   ____          _            __ _ _
 /\\ / ___'_ __ _ _(_)_ __  __ _ \ \ \ \
( ( )\___ | '_ | '_| | '_ \/ _` | \ \ \ \
 \\/  ___)| |_)| | | | | || (_| |  ) ) ) )
  '  |____| .__|_| |_|_| |_\__, | / / / /
 =========|_|==============|___/=/_/_/_/
?[32m :: Spring Boot :: ?[39m      ?[2m (v1.5.2.RELEASE)?[0;39m

2017-12-31 10:25:28 [Test worker] INFO  c.p.a.PokharaInternetApplicationTests - Starting PokharaInternetApplicationTests on ashmeet-HP-Notebook with PID 10402 (started by ashmeet in /home/ashmeet/Intern Folder/PokharaInternet)
2017-12-31 10:25:28 [Test worker] INFO  c.p.a.PokharaInternetApplicationTests - No active profile set, falling back to default profiles: default
2017-12-31 10:25:28 [Test worker] INFO  o.s.w.c.s.GenericWebApplicationContext - Refreshing org.springframework.web.context.support.GenericWebApplicationContext@529d501e: startup date [Sun Dec 31 10:25:28 NPT 2017]; root of context hierarchy
2017-12-31 10:25:31 [Test worker] INFO  o.s.c.s.PostProcessorRegistrationDelegate$BeanPostProcessorChecker - Bean 'org.springframework.transaction.annotation.ProxyTransactionManagementConfiguration' of type [org.springframework.transaction.annotation.ProxyTransactionManagementConfiguration$$EnhancerBySpringCGLIB$$60387f86] is not eligible for getting processed by all BeanPostProcessors (for example: not eligible for auto-proxying)
2017-12-31 10:25:32 [Test worker] INFO  liquibase - Successfully acquired change log lock
2017-12-31 10:25:33 [Test worker] INFO  liquibase - Reading from pinetdev.DATABASECHANGELOG
2017-12-31 10:25:33 [Test worker] INFO  liquibase - Successfully released change log lock
2017-12-31 10:25:33 [Test worker] INFO  o.s.o.j.LocalContainerEntityManagerFactoryBean - Building JPA container EntityManagerFactory for persistence unit 'default'
2017-12-31 10:25:33 [Test worker] INFO  o.h.jpa.internal.util.LogHelper - HHH000204: Processing PersistenceUnitInfo [
	name: default
	...]
2017-12-31 10:25:33 [Test worker] INFO  org.hibernate.Version - HHH000412: Hibernate Core {5.0.12.Final}
2017-12-31 10:25:33 [Test worker] INFO  org.hibernate.cfg.Environment - HHH000206: hibernate.properties not found
2017-12-31 10:25:33 [Test worker] INFO  org.hibernate.cfg.Environment - HHH000021: Bytecode provider name : javassist
2017-12-31 10:25:33 [Test worker] INFO  o.h.annotations.common.Version - HCANN000001: Hibernate Commons Annotations {5.0.1.Final}
2017-12-31 10:25:34 [Test worker] INFO  org.hibernate.dialect.Dialect - HHH000400: Using dialect: org.hibernate.dialect.MySQL5Dialect
2017-12-31 10:25:34 [Test worker] INFO  o.h.e.j.e.i.LobCreatorBuilderImpl - HHH000423: Disabling contextual LOB creation as JDBC driver reported JDBC version [3] less than 4
2017-12-31 10:25:34 [Test worker] INFO  o.s.o.j.LocalContainerEntityManagerFactoryBean - Initialized JPA EntityManagerFactory for persistence unit 'default'
2017-12-31 10:25:35 [Test worker] INFO  o.s.s.web.DefaultSecurityFilterChain - Creating filter chain: Ant [pattern='**/assets/**'], []
2017-12-31 10:25:35 [Test worker] INFO  o.s.s.web.DefaultSecurityFilterChain - Creating filter chain: org.springframework.security.web.util.matcher.AnyRequestMatcher@1, [org.springframework.security.web.context.request.async.WebAsyncManagerIntegrationFilter@263c2463, org.springframework.security.web.context.SecurityContextPersistenceFilter@5ab37ff, org.springframework.security.web.header.HeaderWriterFilter@7080d188, org.springframework.security.web.authentication.logout.LogoutFilter@25b20fe4, org.springframework.security.web.authentication.UsernamePasswordAuthenticationFilter@24b3135d, org.springframework.security.web.savedrequest.RequestCacheAwareFilter@273e1610, org.springframework.security.web.servletapi.SecurityContextHolderAwareRequestFilter@21b745cd, org.springframework.security.web.authentication.AnonymousAuthenticationFilter@4164c153, org.springframework.security.web.session.SessionManagementFilter@2543e046, org.springframework.security.web.access.ExceptionTranslationFilter@41cf3921, org.springframework.security.web.access.intercept.FilterSecurityInterceptor@69858103]
2017-12-31 10:25:36 [Test worker] INFO  o.s.w.s.m.m.a.RequestMappingHandlerAdapter - Looking for @ControllerAdvice: org.springframework.web.context.support.GenericWebApplicationContext@529d501e: startup date [Sun Dec 31 10:25:28 NPT 2017]; root of context hierarchy
2017-12-31 10:25:36 [Test worker] INFO  o.s.w.s.m.m.a.RequestMappingHandlerMapping - Mapped "{[/client/clients],methods=[GET]}" onto public java.lang.String com.pinet.app.web.controller.ClientController.getAllClients(org.springframework.ui.Model)
2017-12-31 10:25:36 [Test worker] INFO  o.s.w.s.m.m.a.RequestMappingHandlerMapping - Mapped "{[/client/addcustomer],methods=[GET]}" onto public java.lang.String com.pinet.app.web.controller.ClientController.addCustomer(org.springframework.ui.Model)
2017-12-31 10:25:36 [Test worker] INFO  o.s.w.s.m.m.a.RequestMappingHandlerMapping - Mapped "{[/client],methods=[POST]}" onto public java.lang.String com.pinet.app.web.controller.ClientController.assignService(com.pinet.app.model.ClientVO)
2017-12-31 10:25:36 [Test worker] INFO  o.s.w.s.m.m.a.RequestMappingHandlerMapping - Mapped "{[/client/{clientId}],methods=[GET]}" onto public java.lang.String com.pinet.app.web.controller.ClientController.getClientById(java.lang.Integer,org.springframework.ui.Model)
2017-12-31 10:25:36 [Test worker] INFO  o.s.w.s.m.m.a.RequestMappingHandlerMapping - Mapped "{[/client/delete/{clientId}],methods=[GET]}" onto public java.lang.String com.pinet.app.web.controller.ClientController.deleteClient(java.lang.Integer)
2017-12-31 10:25:36 [Test worker] INFO  o.s.w.s.m.m.a.RequestMappingHandlerMapping - Mapped "{[/client/edit/{clientId}],methods=[GET]}" onto public java.lang.String com.pinet.app.web.controller.ClientController.editClient(java.lang.Integer,org.springframework.ui.Model)
2017-12-31 10:25:36 [Test worker] INFO  o.s.w.s.m.m.a.RequestMappingHandlerMapping - Mapped "{[/client/update],methods=[POST]}" onto public java.lang.String com.pinet.app.web.controller.ClientController.updateUserData(java.lang.Integer,com.pinet.app.model.ClientVO)
2017-12-31 10:25:36 [Test worker] INFO  o.s.w.s.m.m.a.RequestMappingHandlerMapping - Mapped "{[/client/assignticket/{clientId}],methods=[GET]}" onto public java.lang.String com.pinet.app.web.controller.ClientController.assignTicket(java.lang.Integer,org.springframework.ui.Model)
2017-12-31 10:25:36 [Test worker] INFO  o.s.w.s.m.m.a.RequestMappingHandlerMapping - Mapped "{[/login],methods=[GET]}" onto public java.lang.String com.pinet.app.web.controller.DefaultController.login()
2017-12-31 10:25:36 [Test worker] INFO  o.s.w.s.m.m.a.RequestMappingHandlerMapping - Mapped "{[/due],methods=[GET]}" onto public java.lang.String com.pinet.app.web.controller.DefaultController.dueDate()
2017-12-31 10:25:36 [Test worker] INFO  o.s.w.s.m.m.a.RequestMappingHandlerMapping - Mapped "{[/dashboard],methods=[GET]}" onto public java.lang.String com.pinet.app.web.controller.DefaultController.dashboard()
2017-12-31 10:25:36 [Test worker] INFO  o.s.w.s.m.m.a.RequestMappingHandlerMapping - Mapped "{[/employeeinfo],methods=[POST]}" onto public java.lang.String com.pinet.app.web.controller.EmployeeInfoController.addEmployee(com.pinet.app.model.EmployeeInfoVO)
2017-12-31 10:25:36 [Test worker] INFO  o.s.w.s.m.m.a.RequestMappingHandlerMapping - Mapped "{[/employeeinfo/addemployee],methods=[GET]}" onto public java.lang.String com.pinet.app.web.controller.EmployeeInfoController.addEmployee(org.springframework.ui.Model)
2017-12-31 10:25:36 [Test worker] INFO  o.s.w.s.m.m.a.RequestMappingHandlerMapping - Mapped "{[/employeeinfo/employees],methods=[GET]}" onto public java.lang.String com.pinet.app.web.controller.EmployeeInfoController.getAllEmployees(org.springframework.ui.Model)
2017-12-31 10:25:36 [Test worker] INFO  o.s.w.s.m.m.a.RequestMappingHandlerMapping - Mapped "{[/employeeinfo/{employeeId}],methods=[GET]}" onto public java.lang.String com.pinet.app.web.controller.EmployeeInfoController.getEmpoyeeById(java.lang.Integer,org.springframework.ui.Model)
2017-12-31 10:25:36 [Test worker] INFO  o.s.w.s.m.m.a.RequestMappingHandlerMapping - Mapped "{[/employeeinfo/delete/{employeeId}],methods=[GET]}" onto public java.lang.String com.pinet.app.web.controller.EmployeeInfoController.deleteEmployee(java.lang.Integer)
2017-12-31 10:25:36 [Test worker] INFO  o.s.w.s.m.m.a.RequestMappingHandlerMapping - Mapped "{[/employeeinfo/edit/{employeeId}],methods=[GET]}" onto public java.lang.String com.pinet.app.web.controller.EmployeeInfoController.editEmployee(java.lang.Integer,org.springframework.ui.Model)
2017-12-31 10:25:36 [Test worker] INFO  o.s.w.s.m.m.a.RequestMappingHandlerMapping - Mapped "{[/employeeinfo/update],methods=[POST]}" onto public java.lang.String com.pinet.app.web.controller.EmployeeInfoController.updateEmployeeData(java.lang.Integer,com.pinet.app.model.EmployeeInfoVO)
2017-12-31 10:25:36 [Test worker] INFO  o.s.w.s.m.m.a.RequestMappingHandlerMapping - Mapped "{[/employeeroles/roles/{employeeId}],methods=[GET]}" onto public java.lang.String com.pinet.app.web.controller.EmployeeRolesController.getAllRoles(java.lang.Integer,org.springframework.ui.Model)
2017-12-31 10:25:36 [Test worker] INFO  o.s.w.s.m.m.a.RequestMappingHandlerMapping - Mapped "{[/employeeroles/assignroles],methods=[POST]}" onto public java.lang.String com.pinet.app.web.controller.EmployeeRolesController.assignroles(com.pinet.app.model.EmployeeRolesVo)
2017-12-31 10:25:36 [Test worker] INFO  o.s.w.s.m.m.a.RequestMappingHandlerMapping - Mapped "{[/exception/error],methods=[GET]}" onto public java.lang.String com.pinet.app.web.controller.ExceptionHandlingController.showExceptionHandlingPage()
2017-12-31 10:25:36 [Test worker] INFO  o.s.w.s.m.m.a.RequestMappingHandlerMapping - Mapped "{[/logger],methods=[GET]}" onto public java.lang.String com.pinet.app.web.controller.LoggerController.showLogMessage(org.springframework.ui.Model)
2017-12-31 10:25:36 [Test worker] INFO  o.s.w.s.m.m.a.RequestMappingHandlerMapping - Mapped "{[/servicetype],methods=[POST]}" onto public java.lang.String com.pinet.app.web.controller.ServiceTypeController.addService(com.pinet.app.model.ServiceVO)
2017-12-31 10:25:36 [Test worker] INFO  o.s.w.s.m.m.a.RequestMappingHandlerMapping - Mapped "{[/servicetype/addservice],methods=[GET]}" onto public java.lang.String com.pinet.app.web.controller.ServiceTypeController.addCustomer(org.springframework.ui.Model)
2017-12-31 10:25:36 [Test worker] INFO  o.s.w.s.m.m.a.RequestMappingHandlerMapping - Mapped "{[/servicetype/{serviceId}],methods=[GET]}" onto public java.lang.String com.pinet.app.web.controller.ServiceTypeController.getServiceById(java.lang.Integer,org.springframework.ui.Model)
2017-12-31 10:25:36 [Test worker] INFO  o.s.w.s.m.m.a.RequestMappingHandlerMapping - Mapped "{[/servicetype/manageservice],methods=[GET]}" onto public java.lang.String com.pinet.app.web.controller.ServiceTypeController.getAllServices(org.springframework.ui.Model)
2017-12-31 10:25:36 [Test worker] INFO  o.s.w.s.m.m.a.RequestMappingHandlerMapping - Mapped "{[/servicetype/services/{clientId}],methods=[GET]}" onto public java.lang.String com.pinet.app.web.controller.ServiceTypeController.getAllService(java.lang.Integer,org.springframework.ui.Model)
2017-12-31 10:25:36 [Test worker] INFO  o.s.w.s.m.m.a.RequestMappingHandlerMapping - Mapped "{[/servicetype/edit/{serviceId}],methods=[GET]}" onto public java.lang.String com.pinet.app.web.controller.ServiceTypeController.editService(java.lang.Integer,org.springframework.ui.Model)
2017-12-31 10:25:36 [Test worker] INFO  o.s.w.s.m.m.a.RequestMappingHandlerMapping - Mapped "{[/servicetype/update],methods=[POST]}" onto public java.lang.String com.pinet.app.web.controller.ServiceTypeController.updateServiceData(java.lang.Integer,com.pinet.app.model.ServiceVO)
2017-12-31 10:25:36 [Test worker] INFO  o.s.w.s.m.m.a.RequestMappingHandlerMapping - Mapped "{[/sms/sendsms],methods=[GET]}" onto public java.lang.String com.pinet.app.web.controller.SmsController.addCustomer(org.springframework.ui.Model)
2017-12-31 10:25:36 [Test worker] INFO  o.s.w.s.m.m.a.RequestMappingHandlerMapping - Mapped "{[/sms/sendsms],methods=[POST]}" onto public java.lang.String com.pinet.app.web.controller.SmsController.assignService(com.pinet.app.model.UserServicesResponse)
2017-12-31 10:25:36 [Test worker] INFO  o.s.w.s.m.m.a.RequestMappingHandlerMapping - Mapped "{[/ticket/tickets],methods=[GET]}" onto public java.lang.String com.pinet.app.web.controller.TicketDataController.getAllTickets(org.springframework.ui.Model)
2017-12-31 10:25:36 [Test worker] INFO  o.s.w.s.m.m.a.RequestMappingHandlerMapping - Mapped "{[/ticket/{ticketId}],methods=[GET]}" onto public java.lang.String com.pinet.app.web.controller.TicketDataController.getTicketById(java.lang.Integer,org.springframework.ui.Model)
2017-12-31 10:25:36 [Test worker] INFO  o.s.w.s.m.m.a.RequestMappingHandlerMapping - Mapped "{[/ticket/addticket],methods=[POST]}" onto public java.lang.String com.pinet.app.web.controller.TicketDataController.assignService(com.pinet.app.model.TicketDataVO)
2017-12-31 10:25:36 [Test worker] INFO  o.s.w.s.m.m.a.RequestMappingHandlerMapping - Mapped "{[/ticket/assignticket],methods=[POST]}" onto public java.lang.String com.pinet.app.web.controller.TicketDataController.assignTicket(com.pinet.app.model.TicketDataVO)
2017-12-31 10:25:36 [Test worker] INFO  o.s.w.s.m.m.a.RequestMappingHandlerMapping - Mapped "{[/ticket/assignticket/{clientId}],methods=[GET]}" onto public java.lang.String com.pinet.app.web.controller.TicketDataController.getClientDetailsAndAssign(java.lang.Integer,org.springframework.ui.Model)
2017-12-31 10:25:36 [Test worker] INFO  o.s.w.s.m.m.a.RequestMappingHandlerMapping - Mapped "{[/ticket/addticket],methods=[GET]}" onto public java.lang.String com.pinet.app.web.controller.TicketDataController.addTicket(org.springframework.ui.Model)
2017-12-31 10:25:36 [Test worker] INFO  o.s.w.s.m.m.a.RequestMappingHandlerMapping - Mapped "{[/uploadexcel/customer],methods=[GET]}" onto public java.lang.String com.pinet.app.web.controller.UploadExcelController.uploadFile()
2017-12-31 10:25:36 [Test worker] INFO  o.s.w.s.m.m.a.RequestMappingHandlerMapping - Mapped "{[/uploadexcel/uploadcustomer],methods=[POST]}" onto public java.lang.String com.pinet.app.web.controller.UploadExcelController.handleFileUpload(org.springframework.web.multipart.MultipartFile,org.springframework.ui.Model) throws java.io.IOException
2017-12-31 10:25:36 [Test worker] INFO  o.s.w.s.m.m.a.RequestMappingHandlerMapping - Mapped "{[/userservice/assignservice],methods=[POST]}" onto public java.lang.String com.pinet.app.web.controller.UserServicesController.assignService(com.pinet.app.model.UserServiceVo)
2017-12-31 10:25:36 [Test worker] INFO  o.s.w.s.m.m.a.RequestMappingHandlerMapping - Mapped "{[/error],produces=[text/html]}" onto public org.springframework.web.servlet.ModelAndView org.springframework.boot.autoconfigure.web.BasicErrorController.errorHtml(javax.servlet.http.HttpServletRequest,javax.servlet.http.HttpServletResponse)
2017-12-31 10:25:36 [Test worker] INFO  o.s.w.s.m.m.a.RequestMappingHandlerMapping - Mapped "{[/error]}" onto public org.springframework.http.ResponseEntity<java.util.Map<java.lang.String, java.lang.Object>> org.springframework.boot.autoconfigure.web.BasicErrorController.error(javax.servlet.http.HttpServletRequest)
2017-12-31 10:25:36 [Test worker] INFO  o.s.w.s.h.SimpleUrlHandlerMapping - Mapped URL path [/resources/**] onto handler of type [class org.springframework.web.servlet.resource.ResourceHttpRequestHandler]
2017-12-31 10:25:36 [Test worker] INFO  o.s.w.s.h.SimpleUrlHandlerMapping - Mapped URL path [/webjars/**] onto handler of type [class org.springframework.web.servlet.resource.ResourceHttpRequestHandler]
2017-12-31 10:25:36 [Test worker] INFO  o.s.w.s.h.SimpleUrlHandlerMapping - Mapped URL path [/**] onto handler of type [class org.springframework.web.servlet.resource.ResourceHttpRequestHandler]
2017-12-31 10:25:36 [Test worker] INFO  o.s.w.s.h.SimpleUrlHandlerMapping - Mapped URL path [/**/favicon.ico] onto handler of type [class org.springframework.web.servlet.resource.ResourceHttpRequestHandler]
2017-12-31 10:25:37 [Test worker] INFO  o.s.s.a.ScheduledAnnotationBeanPostProcessor - No TaskScheduler/ScheduledExecutorService bean found for scheduled processing
2017-12-31 10:25:37 [Test worker] INFO  c.p.a.PokharaInternetApplicationTests - Started PokharaInternetApplicationTests in 9.866 seconds (JVM running for 11.707)
2017-12-31 10:25:37 [pool-2-thread-1] INFO  o.h.h.i.QueryTranslatorFactoryInitiator - HHH000397: Using ASTQueryTranslatorFactory
]]></system-out>
  <system-err><![CDATA[]]></system-err>
</testsuite>
