<?xml version="1.0" encoding="UTF-8"?>
<testsuite name="com.pinet.app.PokharaInternetApplicationTests" tests="1" skipped="0" failures="0" errors="0" timestamp="2017-12-31T04:56:43" hostname="ashmeet-HP-Notebook" time="0.09">
  <properties/>
  <testcase name="contextLoads" classname="com.pinet.app.PokharaInternetApplicationTests" time="0.09"/>
  <system-out><![CDATA[10:41:35.446 [Test worker] DEBUG org.springframework.test.context.junit4.SpringJUnit4ClassRunner - SpringJUnit4ClassRunner constructor called with [class com.pinet.app.PokharaInternetApplicationTests]
10:41:35.461 [Test worker] DEBUG org.springframework.test.context.BootstrapUtils - Instantiating CacheAwareContextLoaderDelegate from class [org.springframework.test.context.cache.DefaultCacheAwareContextLoaderDelegate]
10:41:35.466 [Test worker] DEBUG org.springframework.test.context.BootstrapUtils - Instantiating BootstrapContext using constructor [public org.springframework.test.context.support.DefaultBootstrapContext(java.lang.Class,org.springframework.test.context.CacheAwareContextLoaderDelegate)]
10:41:35.474 [Test worker] DEBUG org.springframework.test.context.BootstrapUtils - Instantiating TestContextBootstrapper for test class [com.pinet.app.PokharaInternetApplicationTests] from class [org.springframework.boot.test.context.SpringBootTestContextBootstrapper]
10:41:35.501 [Test worker] DEBUG org.springframework.test.context.support.AbstractContextLoader - Did not detect default resource location for test class [com.pinet.app.PokharaInternetApplicationTests]: class path resource [com/pinet/app/PokharaInternetApplicationTests-context.xml] does not exist
10:41:35.502 [Test worker] DEBUG org.springframework.test.context.support.AbstractContextLoader - Did not detect default resource location for test class [com.pinet.app.PokharaInternetApplicationTests]: class path resource [com/pinet/app/PokharaInternetApplicationTestsContext.groovy] does not exist
10:41:35.502 [Test worker] INFO org.springframework.test.context.support.AbstractContextLoader - Could not detect default resource locations for test class [com.pinet.app.PokharaInternetApplicationTests]: no resource found for suffixes {-context.xml, Context.groovy}.
10:41:35.503 [Test worker] INFO org.springframework.test.context.support.AnnotationConfigContextLoaderUtils - Could not detect default configuration classes for test class [com.pinet.app.PokharaInternetApplicationTests]: PokharaInternetApplicationTests does not declare any static, non-private, non-final, nested classes annotated with @Configuration.
10:41:35.527 [Test worker] DEBUG org.springframework.test.context.support.ActiveProfilesUtils - Could not find an 'annotation declaring class' for annotation type [org.springframework.test.context.ActiveProfiles] and class [com.pinet.app.PokharaInternetApplicationTests]
10:41:35.532 [Test worker] DEBUG org.springframework.core.env.StandardEnvironment - Adding [systemProperties] PropertySource with lowest search precedence
10:41:35.532 [Test worker] DEBUG org.springframework.core.env.StandardEnvironment - Adding [systemEnvironment] PropertySource with lowest search precedence
10:41:35.532 [Test worker] DEBUG org.springframework.core.env.StandardEnvironment - Initialized StandardEnvironment with PropertySources [systemProperties,systemEnvironment]
10:41:35.538 [Test worker] DEBUG org.springframework.core.io.support.PathMatchingResourcePatternResolver - Resolved classpath location [com/pinet/app/] to resources [URL [file:/home/ashmeet/Intern%20Folder/PokharaInternet/build/classes/test/com/pinet/app/], URL [file:/home/ashmeet/Intern%20Folder/PokharaInternet/build/classes/main/com/pinet/app/]]
10:41:35.539 [Test worker] DEBUG org.springframework.core.io.support.PathMatchingResourcePatternResolver - Looking for matching resources in directory tree [/home/ashmeet/Intern Folder/PokharaInternet/build/classes/test/com/pinet/app]
10:41:35.539 [Test worker] DEBUG org.springframework.core.io.support.PathMatchingResourcePatternResolver - Searching directory [/home/ashmeet/Intern Folder/PokharaInternet/build/classes/test/com/pinet/app] for files matching pattern [/home/ashmeet/Intern Folder/PokharaInternet/build/classes/test/com/pinet/app/*.class]
10:41:35.541 [Test worker] DEBUG org.springframework.core.io.support.PathMatchingResourcePatternResolver - Looking for matching resources in directory tree [/home/ashmeet/Intern Folder/PokharaInternet/build/classes/main/com/pinet/app]
10:41:35.541 [Test worker] DEBUG org.springframework.core.io.support.PathMatchingResourcePatternResolver - Searching directory [/home/ashmeet/Intern Folder/PokharaInternet/build/classes/main/com/pinet/app] for files matching pattern [/home/ashmeet/Intern Folder/PokharaInternet/build/classes/main/com/pinet/app/*.class]
10:41:35.542 [Test worker] DEBUG org.springframework.core.io.support.PathMatchingResourcePatternResolver - Resolved location pattern [classpath*:com/pinet/app/*.class] to resources [file [/home/ashmeet/Intern Folder/PokharaInternet/build/classes/test/com/pinet/app/PokharaInternetApplicationTests.class], file [/home/ashmeet/Intern Folder/PokharaInternet/build/classes/main/com/pinet/app/PokharaInternetApplication.class]]
10:41:35.576 [Test worker] DEBUG org.springframework.context.annotation.ClassPathScanningCandidateComponentProvider - Identified candidate component class: file [/home/ashmeet/Intern Folder/PokharaInternet/build/classes/main/com/pinet/app/PokharaInternetApplication.class]
10:41:35.577 [Test worker] INFO org.springframework.boot.test.context.SpringBootTestContextBootstrapper - Found @SpringBootConfiguration com.pinet.app.PokharaInternetApplication for test class com.pinet.app.PokharaInternetApplicationTests
10:41:35.580 [Test worker] DEBUG org.springframework.boot.test.context.SpringBootTestContextBootstrapper - @TestExecutionListeners is not present for class [com.pinet.app.PokharaInternetApplicationTests]: using defaults.
10:41:35.584 [Test worker] INFO org.springframework.boot.test.context.SpringBootTestContextBootstrapper - Loaded default TestExecutionListener class names from location [META-INF/spring.factories]: [org.springframework.security.test.context.support.WithSecurityContextTestExecutionListener, org.springframework.boot.test.mock.mockito.MockitoTestExecutionListener, org.springframework.boot.test.mock.mockito.ResetMocksTestExecutionListener, org.springframework.boot.test.autoconfigure.restdocs.RestDocsTestExecutionListener, org.springframework.boot.test.autoconfigure.web.client.MockRestServiceServerResetTestExecutionListener, org.springframework.boot.test.autoconfigure.web.servlet.MockMvcPrintOnlyOnFailureTestExecutionListener, org.springframework.boot.test.autoconfigure.web.servlet.WebDriverTestExecutionListener, org.springframework.test.context.web.ServletTestExecutionListener, org.springframework.test.context.support.DirtiesContextBeforeModesTestExecutionListener, org.springframework.test.context.support.DependencyInjectionTestExecutionListener, org.springframework.test.context.support.DirtiesContextTestExecutionListener, org.springframework.test.context.transaction.TransactionalTestExecutionListener, org.springframework.test.context.jdbc.SqlScriptsTestExecutionListener]
10:41:35.614 [Test worker] INFO org.springframework.boot.test.context.SpringBootTestContextBootstrapper - Using TestExecutionListeners: [org.springframework.test.context.web.ServletTestExecutionListener@25aa296a, org.springframework.test.context.support.DirtiesContextBeforeModesTestExecutionListener@60bfcb9a, org.springframework.boot.test.autoconfigure.SpringBootDependencyInjectionTestExecutionListener@614e5418, org.springframework.test.context.support.DirtiesContextTestExecutionListener@37a3370a, org.springframework.test.context.transaction.TransactionalTestExecutionListener@43b6a9ed, org.springframework.test.context.jdbc.SqlScriptsTestExecutionListener@5d4b491a, org.springframework.security.test.context.support.WithSecurityContextTestExecutionListener@4eb6283f, org.springframework.boot.test.mock.mockito.ResetMocksTestExecutionListener@60834d84, org.springframework.boot.test.autoconfigure.restdocs.RestDocsTestExecutionListener@160c69b8, org.springframework.boot.test.mock.mockito.MockitoTestExecutionListener@1188e1fa, org.springframework.boot.test.autoconfigure.web.client.MockRestServiceServerResetTestExecutionListener@6e00c424, org.springframework.boot.test.autoconfigure.web.servlet.MockMvcPrintOnlyOnFailureTestExecutionListener@14154b0d, org.springframework.boot.test.autoconfigure.web.servlet.WebDriverTestExecutionListener@61a1b19e]
10:41:35.618 [Test worker] DEBUG org.springframework.test.annotation.ProfileValueUtils - Retrieved @ProfileValueSourceConfiguration [null] for test class [com.pinet.app.PokharaInternetApplicationTests]
10:41:35.619 [Test worker] DEBUG org.springframework.test.annotation.ProfileValueUtils - Retrieved ProfileValueSource type [class org.springframework.test.annotation.SystemProfileValueSource] for class [com.pinet.app.PokharaInternetApplicationTests]
10:41:35.621 [Test worker] DEBUG org.springframework.test.annotation.ProfileValueUtils - Retrieved @ProfileValueSourceConfiguration [null] for test class [com.pinet.app.PokharaInternetApplicationTests]
10:41:35.621 [Test worker] DEBUG org.springframework.test.annotation.ProfileValueUtils - Retrieved ProfileValueSource type [class org.springframework.test.annotation.SystemProfileValueSource] for class [com.pinet.app.PokharaInternetApplicationTests]
10:41:35.632 [Test worker] DEBUG org.springframework.test.context.support.AbstractDirtiesContextTestExecutionListener - Before test class: context [DefaultTestContext@32627afb testClass = PokharaInternetApplicationTests, testInstance = [null], testMethod = [null], testException = [null], mergedContextConfiguration = [WebMergedContextConfiguration@6e4d3445 testClass = PokharaInternetApplicationTests, locations = '{}', classes = '{class com.pinet.app.PokharaInternetApplication}', contextInitializerClasses = '[]', activeProfiles = '{}', propertySourceLocations = '{}', propertySourceProperties = '{org.springframework.boot.test.context.SpringBootTestContextBootstrapper=true}', contextCustomizers = set[org.springframework.boot.test.context.SpringBootTestContextCustomizer@7def49bf, org.springframework.boot.test.context.filter.ExcludeFilterContextCustomizer@39244cc0, org.springframework.boot.test.mock.mockito.MockitoContextCustomizer@0, org.springframework.boot.test.autoconfigure.properties.PropertyMappingContextCustomizer@0, org.springframework.boot.test.autoconfigure.web.servlet.WebDriverContextCustomizerFactory$Customizer@588dab2d], resourceBasePath = 'src/main/webapp', contextLoader = 'org.springframework.boot.test.context.SpringBootContextLoader', parent = [null]]], class annotated with @DirtiesContext [false] with mode [null].
10:41:35.634 [Test worker] DEBUG org.springframework.test.annotation.ProfileValueUtils - Retrieved @ProfileValueSourceConfiguration [null] for test class [com.pinet.app.PokharaInternetApplicationTests]
10:41:35.634 [Test worker] DEBUG org.springframework.test.annotation.ProfileValueUtils - Retrieved ProfileValueSource type [class org.springframework.test.annotation.SystemProfileValueSource] for class [com.pinet.app.PokharaInternetApplicationTests]
10:41:35.759 [Test worker] DEBUG org.springframework.core.env.StandardEnvironment - Adding [systemProperties] PropertySource with lowest search precedence
10:41:35.759 [Test worker] DEBUG org.springframework.core.env.StandardEnvironment - Adding [systemEnvironment] PropertySource with lowest search precedence
10:41:35.759 [Test worker] DEBUG org.springframework.core.env.StandardEnvironment - Initialized StandardEnvironment with PropertySources [systemProperties,systemEnvironment]
10:41:35.760 [Test worker] DEBUG org.springframework.core.env.MutablePropertySources - Adding [inline] PropertySource with highest search precedence
10:41:35.764 [Test worker] DEBUG org.springframework.test.context.support.TestPropertySourceUtils - Adding inlined properties to environment: {spring.jmx.enabled=false, org.springframework.boot.test.context.SpringBootTestContextBootstrapper=true, server.port=-1}
10:41:35.765 [Test worker] DEBUG org.springframework.core.env.StandardEnvironment - Adding [Inlined Test Properties] PropertySource with highest search precedence

  .   ____          _            __ _ _
 /\\ / ___'_ __ _ _(_)_ __  __ _ \ \ \ \
( ( )\___ | '_ | '_| | '_ \/ _` | \ \ \ \
 \\/  ___)| |_)| | | | | || (_| |  ) ) ) )
  '  |____| .__|_| |_|_| |_\__, | / / / /
 =========|_|==============|___/=/_/_/_/
?[32m :: Spring Boot :: ?[39m      ?[2m (v1.5.2.RELEASE)?[0;39m

2017-12-31 10:41:36 [Test worker] INFO  c.p.a.PokharaInternetApplicationTests - Starting PokharaInternetApplicationTests on ashmeet-HP-Notebook with PID 11340 (started by ashmeet in /home/ashmeet/Intern Folder/PokharaInternet)
2017-12-31 10:41:36 [Test worker] INFO  c.p.a.PokharaInternetApplicationTests - No active profile set, falling back to default profiles: default
2017-12-31 10:41:36 [Test worker] INFO  o.s.w.c.s.GenericWebApplicationContext - Refreshing org.springframework.web.context.support.GenericWebApplicationContext@2980e794: startup date [Sun Dec 31 10:41:36 NPT 2017]; root of context hierarchy
2017-12-31 10:41:37 [Test worker] INFO  o.s.c.s.PostProcessorRegistrationDelegate$BeanPostProcessorChecker - Bean 'org.springframework.transaction.annotation.ProxyTransactionManagementConfiguration' of type [org.springframework.transaction.annotation.ProxyTransactionManagementConfiguration$$EnhancerBySpringCGLIB$$e1ebbd10] is not eligible for getting processed by all BeanPostProcessors (for example: not eligible for auto-proxying)
2017-12-31 10:41:39 [Test worker] INFO  liquibase - Successfully acquired change log lock
2017-12-31 10:41:39 [Test worker] INFO  liquibase - Reading from pinetdev.DATABASECHANGELOG
2017-12-31 10:41:39 [Test worker] INFO  liquibase - Successfully released change log lock
2017-12-31 10:41:39 [Test worker] INFO  o.s.o.j.LocalContainerEntityManagerFactoryBean - Building JPA container EntityManagerFactory for persistence unit 'default'
2017-12-31 10:41:39 [Test worker] INFO  o.h.jpa.internal.util.LogHelper - HHH000204: Processing PersistenceUnitInfo [
	name: default
	...]
2017-12-31 10:41:40 [Test worker] INFO  org.hibernate.Version - HHH000412: Hibernate Core {5.0.12.Final}
2017-12-31 10:41:40 [Test worker] INFO  org.hibernate.cfg.Environment - HHH000206: hibernate.properties not found
2017-12-31 10:41:40 [Test worker] INFO  org.hibernate.cfg.Environment - HHH000021: Bytecode provider name : javassist
2017-12-31 10:41:40 [Test worker] INFO  o.h.annotations.common.Version - HCANN000001: Hibernate Commons Annotations {5.0.1.Final}
2017-12-31 10:41:40 [Test worker] INFO  org.hibernate.dialect.Dialect - HHH000400: Using dialect: org.hibernate.dialect.MySQL5Dialect
2017-12-31 10:41:40 [Test worker] INFO  o.h.e.j.e.i.LobCreatorBuilderImpl - HHH000423: Disabling contextual LOB creation as JDBC driver reported JDBC version [3] less than 4
2017-12-31 10:41:40 [Test worker] INFO  o.s.o.j.LocalContainerEntityManagerFactoryBean - Initialized JPA EntityManagerFactory for persistence unit 'default'
2017-12-31 10:41:41 [Test worker] INFO  o.s.s.web.DefaultSecurityFilterChain - Creating filter chain: Ant [pattern='**/assets/**'], []
2017-12-31 10:41:41 [Test worker] INFO  o.s.s.web.DefaultSecurityFilterChain - Creating filter chain: org.springframework.security.web.util.matcher.AnyRequestMatcher@1, [org.springframework.security.web.context.request.async.WebAsyncManagerIntegrationFilter@dcbd7e0, org.springframework.security.web.context.SecurityContextPersistenceFilter@31ffbdc6, org.springframework.security.web.header.HeaderWriterFilter@64a99be3, org.springframework.security.web.authentication.logout.LogoutFilter@1b372361, org.springframework.security.web.authentication.UsernamePasswordAuthenticationFilter@6bf450c5, org.springframework.security.web.savedrequest.RequestCacheAwareFilter@6e9ab6dc, org.springframework.security.web.servletapi.SecurityContextHolderAwareRequestFilter@26887f88, org.springframework.security.web.authentication.AnonymousAuthenticationFilter@7e333597, org.springframework.security.web.session.SessionManagementFilter@4fc44b7a, org.springframework.security.web.access.ExceptionTranslationFilter@5d70ae3d, org.springframework.security.web.access.intercept.FilterSecurityInterceptor@978051]
2017-12-31 10:41:42 [Test worker] INFO  o.s.w.s.m.m.a.RequestMappingHandlerAdapter - Looking for @ControllerAdvice: org.springframework.web.context.support.GenericWebApplicationContext@2980e794: startup date [Sun Dec 31 10:41:36 NPT 2017]; root of context hierarchy
2017-12-31 10:41:42 [Test worker] INFO  o.s.w.s.m.m.a.RequestMappingHandlerMapping - Mapped "{[/client/clients],methods=[GET]}" onto public java.lang.String com.pinet.app.web.controller.ClientController.getAllClients(org.springframework.ui.Model)
2017-12-31 10:41:42 [Test worker] INFO  o.s.w.s.m.m.a.RequestMappingHandlerMapping - Mapped "{[/client/addcustomer],methods=[GET]}" onto public java.lang.String com.pinet.app.web.controller.ClientController.addCustomer(org.springframework.ui.Model)
2017-12-31 10:41:42 [Test worker] INFO  o.s.w.s.m.m.a.RequestMappingHandlerMapping - Mapped "{[/client],methods=[POST]}" onto public java.lang.String com.pinet.app.web.controller.ClientController.assignService(com.pinet.app.model.ClientVO)
2017-12-31 10:41:42 [Test worker] INFO  o.s.w.s.m.m.a.RequestMappingHandlerMapping - Mapped "{[/client/{clientId}],methods=[GET]}" onto public java.lang.String com.pinet.app.web.controller.ClientController.getClientById(java.lang.Integer,org.springframework.ui.Model)
2017-12-31 10:41:42 [Test worker] INFO  o.s.w.s.m.m.a.RequestMappingHandlerMapping - Mapped "{[/client/delete/{clientId}],methods=[GET]}" onto public java.lang.String com.pinet.app.web.controller.ClientController.deleteClient(java.lang.Integer)
2017-12-31 10:41:42 [Test worker] INFO  o.s.w.s.m.m.a.RequestMappingHandlerMapping - Mapped "{[/client/edit/{clientId}],methods=[GET]}" onto public java.lang.String com.pinet.app.web.controller.ClientController.editClient(java.lang.Integer,org.springframework.ui.Model)
2017-12-31 10:41:42 [Test worker] INFO  o.s.w.s.m.m.a.RequestMappingHandlerMapping - Mapped "{[/client/update],methods=[POST]}" onto public java.lang.String com.pinet.app.web.controller.ClientController.updateUserData(java.lang.Integer,com.pinet.app.model.ClientVO)
2017-12-31 10:41:42 [Test worker] INFO  o.s.w.s.m.m.a.RequestMappingHandlerMapping - Mapped "{[/client/assignticket/{clientId}],methods=[GET]}" onto public java.lang.String com.pinet.app.web.controller.ClientController.assignTicket(java.lang.Integer,org.springframework.ui.Model)
2017-12-31 10:41:42 [Test worker] INFO  o.s.w.s.m.m.a.RequestMappingHandlerMapping - Mapped "{[/login],methods=[GET]}" onto public java.lang.String com.pinet.app.web.controller.DefaultController.login()
2017-12-31 10:41:42 [Test worker] INFO  o.s.w.s.m.m.a.RequestMappingHandlerMapping - Mapped "{[/due],methods=[GET]}" onto public java.lang.String com.pinet.app.web.controller.DefaultController.dueDate()
2017-12-31 10:41:42 [Test worker] INFO  o.s.w.s.m.m.a.RequestMappingHandlerMapping - Mapped "{[/dashboard],methods=[GET]}" onto public java.lang.String com.pinet.app.web.controller.DefaultController.dashboard()
2017-12-31 10:41:42 [Test worker] INFO  o.s.w.s.m.m.a.RequestMappingHandlerMapping - Mapped "{[/employeeinfo],methods=[POST]}" onto public java.lang.String com.pinet.app.web.controller.EmployeeInfoController.addEmployee(com.pinet.app.model.EmployeeInfoVO)
2017-12-31 10:41:42 [Test worker] INFO  o.s.w.s.m.m.a.RequestMappingHandlerMapping - Mapped "{[/employeeinfo/addemployee],methods=[GET]}" onto public java.lang.String com.pinet.app.web.controller.EmployeeInfoController.addEmployee(org.springframework.ui.Model)
2017-12-31 10:41:42 [Test worker] INFO  o.s.w.s.m.m.a.RequestMappingHandlerMapping - Mapped "{[/employeeinfo/employees],methods=[GET]}" onto public java.lang.String com.pinet.app.web.controller.EmployeeInfoController.getAllEmployees(org.springframework.ui.Model)
2017-12-31 10:41:42 [Test worker] INFO  o.s.w.s.m.m.a.RequestMappingHandlerMapping - Mapped "{[/employeeinfo/{employeeId}],methods=[GET]}" onto public java.lang.String com.pinet.app.web.controller.EmployeeInfoController.getEmpoyeeById(java.lang.Integer,org.springframework.ui.Model)
2017-12-31 10:41:42 [Test worker] INFO  o.s.w.s.m.m.a.RequestMappingHandlerMapping - Mapped "{[/employeeinfo/delete/{employeeId}],methods=[GET]}" onto public java.lang.String com.pinet.app.web.controller.EmployeeInfoController.deleteEmployee(java.lang.Integer)
2017-12-31 10:41:42 [Test worker] INFO  o.s.w.s.m.m.a.RequestMappingHandlerMapping - Mapped "{[/employeeinfo/edit/{employeeId}],methods=[GET]}" onto public java.lang.String com.pinet.app.web.controller.EmployeeInfoController.editEmployee(java.lang.Integer,org.springframework.ui.Model)
2017-12-31 10:41:42 [Test worker] INFO  o.s.w.s.m.m.a.RequestMappingHandlerMapping - Mapped "{[/employeeinfo/update],methods=[POST]}" onto public java.lang.String com.pinet.app.web.controller.EmployeeInfoController.updateEmployeeData(java.lang.Integer,com.pinet.app.model.EmployeeInfoVO)
2017-12-31 10:41:42 [Test worker] INFO  o.s.w.s.m.m.a.RequestMappingHandlerMapping - Mapped "{[/employeeroles/roles/{employeeId}],methods=[GET]}" onto public java.lang.String com.pinet.app.web.controller.EmployeeRolesController.getAllRoles(java.lang.Integer,org.springframework.ui.Model)
2017-12-31 10:41:42 [Test worker] INFO  o.s.w.s.m.m.a.RequestMappingHandlerMapping - Mapped "{[/employeeroles/assignroles],methods=[POST]}" onto public java.lang.String com.pinet.app.web.controller.EmployeeRolesController.assignroles(com.pinet.app.model.EmployeeRolesVo)
2017-12-31 10:41:42 [Test worker] INFO  o.s.w.s.m.m.a.RequestMappingHandlerMapping - Mapped "{[/exception/error],methods=[GET]}" onto public java.lang.String com.pinet.app.web.controller.ExceptionHandlingController.showExceptionHandlingPage()
2017-12-31 10:41:42 [Test worker] INFO  o.s.w.s.m.m.a.RequestMappingHandlerMapping - Mapped "{[/logger],methods=[GET]}" onto public java.lang.String com.pinet.app.web.controller.LoggerController.showLogMessage(org.springframework.ui.Model)
2017-12-31 10:41:42 [Test worker] INFO  o.s.w.s.m.m.a.RequestMappingHandlerMapping - Mapped "{[/servicetype],methods=[POST]}" onto public java.lang.String com.pinet.app.web.controller.ServiceTypeController.addService(com.pinet.app.model.ServiceVO)
2017-12-31 10:41:42 [Test worker] INFO  o.s.w.s.m.m.a.RequestMappingHandlerMapping - Mapped "{[/servicetype/addservice],methods=[GET]}" onto public java.lang.String com.pinet.app.web.controller.ServiceTypeController.addCustomer(org.springframework.ui.Model)
2017-12-31 10:41:42 [Test worker] INFO  o.s.w.s.m.m.a.RequestMappingHandlerMapping - Mapped "{[/servicetype/{serviceId}],methods=[GET]}" onto public java.lang.String com.pinet.app.web.controller.ServiceTypeController.getServiceById(java.lang.Integer,org.springframework.ui.Model)
2017-12-31 10:41:42 [Test worker] INFO  o.s.w.s.m.m.a.RequestMappingHandlerMapping - Mapped "{[/servicetype/manageservice],methods=[GET]}" onto public java.lang.String com.pinet.app.web.controller.ServiceTypeController.getAllServices(org.springframework.ui.Model)
2017-12-31 10:41:42 [Test worker] INFO  o.s.w.s.m.m.a.RequestMappingHandlerMapping - Mapped "{[/servicetype/services/{clientId}],methods=[GET]}" onto public java.lang.String com.pinet.app.web.controller.ServiceTypeController.getAllService(java.lang.Integer,org.springframework.ui.Model)
2017-12-31 10:41:42 [Test worker] INFO  o.s.w.s.m.m.a.RequestMappingHandlerMapping - Mapped "{[/servicetype/edit/{serviceId}],methods=[GET]}" onto public java.lang.String com.pinet.app.web.controller.ServiceTypeController.editService(java.lang.Integer,org.springframework.ui.Model)
2017-12-31 10:41:42 [Test worker] INFO  o.s.w.s.m.m.a.RequestMappingHandlerMapping - Mapped "{[/servicetype/update],methods=[POST]}" onto public java.lang.String com.pinet.app.web.controller.ServiceTypeController.updateServiceData(java.lang.Integer,com.pinet.app.model.ServiceVO)
2017-12-31 10:41:42 [Test worker] INFO  o.s.w.s.m.m.a.RequestMappingHandlerMapping - Mapped "{[/sms/sendsms],methods=[GET]}" onto public java.lang.String com.pinet.app.web.controller.SmsController.addCustomer(org.springframework.ui.Model)
2017-12-31 10:41:42 [Test worker] INFO  o.s.w.s.m.m.a.RequestMappingHandlerMapping - Mapped "{[/sms/sendsms],methods=[POST]}" onto public java.lang.String com.pinet.app.web.controller.SmsController.assignService(com.pinet.app.model.UserServicesResponse)
2017-12-31 10:41:42 [Test worker] INFO  o.s.w.s.m.m.a.RequestMappingHandlerMapping - Mapped "{[/ticket/tickets],methods=[GET]}" onto public java.lang.String com.pinet.app.web.controller.TicketDataController.getAllTickets(org.springframework.ui.Model)
2017-12-31 10:41:42 [Test worker] INFO  o.s.w.s.m.m.a.RequestMappingHandlerMapping - Mapped "{[/ticket/{ticketId}],methods=[GET]}" onto public java.lang.String com.pinet.app.web.controller.TicketDataController.getTicketById(java.lang.Integer,org.springframework.ui.Model)
2017-12-31 10:41:42 [Test worker] INFO  o.s.w.s.m.m.a.RequestMappingHandlerMapping - Mapped "{[/ticket/addticket],methods=[POST]}" onto public java.lang.String com.pinet.app.web.controller.TicketDataController.assignService(com.pinet.app.model.TicketDataVO)
2017-12-31 10:41:42 [Test worker] INFO  o.s.w.s.m.m.a.RequestMappingHandlerMapping - Mapped "{[/ticket/assignticket],methods=[POST]}" onto public java.lang.String com.pinet.app.web.controller.TicketDataController.assignTicket(com.pinet.app.model.TicketDataVO)
2017-12-31 10:41:42 [Test worker] INFO  o.s.w.s.m.m.a.RequestMappingHandlerMapping - Mapped "{[/ticket/assignticket/{clientId}],methods=[GET]}" onto public java.lang.String com.pinet.app.web.controller.TicketDataController.getClientDetailsAndAssign(java.lang.Integer,org.springframework.ui.Model)
2017-12-31 10:41:42 [Test worker] INFO  o.s.w.s.m.m.a.RequestMappingHandlerMapping - Mapped "{[/ticket/addticket],methods=[GET]}" onto public java.lang.String com.pinet.app.web.controller.TicketDataController.addTicket(org.springframework.ui.Model)
2017-12-31 10:41:42 [Test worker] INFO  o.s.w.s.m.m.a.RequestMappingHandlerMapping - Mapped "{[/uploadexcel/customer],methods=[GET]}" onto public java.lang.String com.pinet.app.web.controller.UploadExcelController.uploadFile()
2017-12-31 10:41:42 [Test worker] INFO  o.s.w.s.m.m.a.RequestMappingHandlerMapping - Mapped "{[/uploadexcel/uploadcustomer],methods=[POST]}" onto public java.lang.String com.pinet.app.web.controller.UploadExcelController.handleFileUpload(org.springframework.web.multipart.MultipartFile,org.springframework.ui.Model) throws java.io.IOException
2017-12-31 10:41:42 [Test worker] INFO  o.s.w.s.m.m.a.RequestMappingHandlerMapping - Mapped "{[/userservice/assignservice],methods=[POST]}" onto public java.lang.String com.pinet.app.web.controller.UserServicesController.assignService(com.pinet.app.model.UserServiceVo)
2017-12-31 10:41:42 [Test worker] INFO  o.s.w.s.m.m.a.RequestMappingHandlerMapping - Mapped "{[/error],produces=[text/html]}" onto public org.springframework.web.servlet.ModelAndView org.springframework.boot.autoconfigure.web.BasicErrorController.errorHtml(javax.servlet.http.HttpServletRequest,javax.servlet.http.HttpServletResponse)
2017-12-31 10:41:42 [Test worker] INFO  o.s.w.s.m.m.a.RequestMappingHandlerMapping - Mapped "{[/error]}" onto public org.springframework.http.ResponseEntity<java.util.Map<java.lang.String, java.lang.Object>> org.springframework.boot.autoconfigure.web.BasicErrorController.error(javax.servlet.http.HttpServletRequest)
2017-12-31 10:41:42 [Test worker] INFO  o.s.w.s.h.SimpleUrlHandlerMapping - Mapped URL path [/resources/**] onto handler of type [class org.springframework.web.servlet.resource.ResourceHttpRequestHandler]
2017-12-31 10:41:42 [Test worker] INFO  o.s.w.s.h.SimpleUrlHandlerMapping - Mapped URL path [/webjars/**] onto handler of type [class org.springframework.web.servlet.resource.ResourceHttpRequestHandler]
2017-12-31 10:41:42 [Test worker] INFO  o.s.w.s.h.SimpleUrlHandlerMapping - Mapped URL path [/**] onto handler of type [class org.springframework.web.servlet.resource.ResourceHttpRequestHandler]
2017-12-31 10:41:42 [Test worker] INFO  o.s.w.s.h.SimpleUrlHandlerMapping - Mapped URL path [/**/favicon.ico] onto handler of type [class org.springframework.web.servlet.resource.ResourceHttpRequestHandler]
2017-12-31 10:41:43 [Test worker] INFO  o.s.s.a.ScheduledAnnotationBeanPostProcessor - No TaskScheduler/ScheduledExecutorService bean found for scheduled processing
2017-12-31 10:41:43 [Test worker] INFO  c.p.a.PokharaInternetApplicationTests - Started PokharaInternetApplicationTests in 7.356 seconds (JVM running for 9.196)
2017-12-31 10:41:43 [pool-2-thread-1] INFO  o.h.h.i.QueryTranslatorFactoryInitiator - HHH000397: Using ASTQueryTranslatorFactory
]]></system-out>
  <system-err><![CDATA[]]></system-err>
</testsuite>
