<?xml version="1.0" encoding="UTF-8"?>
<testsuite name="com.pinet.app.service.ClientDataServiceTest" tests="2" skipped="0" failures="0" errors="0" timestamp="2017-12-31T04:56:34" hostname="ashmeet-HP-Notebook" time="0.505">
  <properties/>
  <testcase name="GetAllClients" classname="com.pinet.app.service.ClientDataServiceTest" time="0.485"/>
  <testcase name="ConvertDatatojson" classname="com.pinet.app.service.ClientDataServiceTest" time="0.02"/>
  <system-out><![CDATA[]]></system-out>
  <system-err><![CDATA[]]></system-err>
</testsuite>
